# JRE version: OpenJDK Runtime Environment Microsoft-8035246 (17.0.8+7) (build 17.0.8+7-LTS)
# Java VM: OpenJDK 64-Bit Server VM Microsoft-8035246 (17.0.8+7-LTS, mixed mode, sharing, tiered, compressed oops, compressed class ptrs, g1 gc, windows-amd64)
GC Precious Log:
 CPUs: 8 total, 8 available
 Memory: 7991M
 Large Page Support: Disabled
 NUMA Support: Disabled
 Compressed Oops: Enabled (32-bit)
 Heap Region Size: 1M
 Heap Min Capacity: 8M
 Heap Initial Capacity: 126M
 Heap Max Capacity: 2G
 Pre-touch: Disabled
 Parallel Workers: 8
 Concurrent Workers: 2
 Concurrent Refinement Workers: 8
 Periodic GC: Disabled
Heap:
 garbage-first heap   total 270336K, used 216439K [0x0000000080000000, 0x0000000100000000)
  region size 1024K, 44 young (45056K), 2 survivors (2048K)
 Metaspace       used 98786K, committed 99840K, reserved 557056K
  class space    used 13851K, committed 14336K, reserved 425984K
GC Heap History (20 events):
Event: 56.300 GC heap before
{Heap before GC invocations=58 (full 0):
 garbage-first heap   total 225280K, used 183067K [0x0000000080000000, 0x0000000100000000)
  region size 1024K, 38 young (38912K), 3 survivors (3072K)
 Metaspace       used 91383K, committed 92288K, reserved 557056K
  class space    used 12879K, committed 13312K, reserved 425984K
}
Event: 56.310 GC heap after
{Heap after GC invocations=59 (full 0):
 garbage-first heap   total 225280K, used 150840K [0x0000000080000000, 0x0000000100000000)
  region size 1024K, 4 young (4096K), 4 survivors (4096K)
 Metaspace       used 91383K, committed 92288K, reserved 557056K
  class space    used 12879K, committed 13312K, reserved 425984K
}
Event: 57.188 GC heap before
{Heap before GC invocations=59 (full 0):
 garbage-first heap   total 225280K, used 184632K [0x0000000080000000, 0x0000000100000000)
  region size 1024K, 37 young (37888K), 4 survivors (4096K)
 Metaspace       used 94986K, committed 95936K, reserved 557056K
  class space    used 13369K, committed 13824K, reserved 425984K
}
Event: 57.195 GC heap after
{Heap after GC invocations=60 (full 0):
 garbage-first heap   total 225280K, used 152544K [0x0000000080000000, 0x0000000100000000)
  region size 1024K, 2 young (2048K), 2 survivors (2048K)
 Metaspace       used 94986K, committed 95936K, reserved 557056K
  class space    used 13369K, committed 13824K, reserved 425984K
}
Event: 58.171 GC heap before
{Heap before GC invocations=60 (full 0):
 garbage-first heap   total 225280K, used 187360K [0x0000000080000000, 0x0000000100000000)
  region size 1024K, 36 young (36864K), 2 survivors (2048K)
 Metaspace       used 96236K, committed 97280K, reserved 557056K
  class space    used 13533K, committed 14016K, reserved 425984K
}
Event: 58.182 GC heap after
{Heap after GC invocations=61 (full 0):
 garbage-first heap   total 225280K, used 156706K [0x0000000080000000, 0x0000000100000000)
  region size 1024K, 5 young (5120K), 5 survivors (5120K)
 Metaspace       used 96236K, committed 97280K, reserved 557056K
  class space    used 13533K, committed 14016K, reserved 425984K
}
Event: 58.752 GC heap before
{Heap before GC invocations=61 (full 0):
 garbage-first heap   total 225280K, used 188450K [0x0000000080000000, 0x0000000100000000)
  region size 1024K, 36 young (36864K), 5 survivors (5120K)
 Metaspace       used 96971K, committed 97984K, reserved 557056K
  class space    used 13617K, committed 14080K, reserved 425984K
}
Event: 58.767 GC heap after
{Heap after GC invocations=62 (full 0):
 garbage-first heap   total 225280K, used 160899K [0x0000000080000000, 0x0000000100000000)
  region size 1024K, 4 young (4096K), 4 survivors (4096K)
 Metaspace       used 96971K, committed 97984K, reserved 557056K
  class space    used 13617K, committed 14080K, reserved 425984K
}
Event: 59.211 GC heap before
{Heap before GC invocations=62 (full 0):
 garbage-first heap   total 225280K, used 190595K [0x0000000080000000, 0x0000000100000000)
  region size 1024K, 33 young (33792K), 4 survivors (4096K)
 Metaspace       used 97191K, committed 98176K, reserved 557056K
  class space    used 13631K, committed 14080K, reserved 425984K
}
Event: 59.220 GC heap after
{Heap after GC invocations=63 (full 0):
 garbage-first heap   total 225280K, used 163573K [0x0000000080000000, 0x0000000100000000)
  region size 1024K, 3 young (3072K), 3 survivors (3072K)
 Metaspace       used 97191K, committed 98176K, reserved 557056K
  class space    used 13631K, committed 14080K, reserved 425984K
}
Event: 59.809 GC heap before
{Heap before GC invocations=63 (full 0):
 garbage-first heap   total 225280K, used 191221K [0x0000000080000000, 0x0000000100000000)
  region size 1024K, 31 young (31744K), 3 survivors (3072K)
 Metaspace       used 98060K, committed 99072K, reserved 557056K
  class space    used 13792K, committed 14272K, reserved 425984K
}
Event: 59.820 GC heap after
{Heap after GC invocations=64 (full 0):
 garbage-first heap   total 225280K, used 167019K [0x0000000080000000, 0x0000000100000000)
  region size 1024K, 4 young (4096K), 4 survivors (4096K)
 Metaspace       used 98060K, committed 99072K, reserved 557056K
  class space    used 13792K, committed 14272K, reserved 425984K
}
Event: 60.247 GC heap before
{Heap before GC invocations=64 (full 0):
 garbage-first heap   total 225280K, used 191595K [0x0000000080000000, 0x0000000100000000)
  region size 1024K, 29 young (29696K), 4 survivors (4096K)
 Metaspace       used 98288K, committed 99264K, reserved 557056K
  class space    used 13803K, committed 14272K, reserved 425984K
}
Event: 60.253 GC heap after
{Heap after GC invocations=65 (full 0):
 garbage-first heap   total 225280K, used 168210K [0x0000000080000000, 0x0000000100000000)
  region size 1024K, 2 young (2048K), 2 survivors (2048K)
 Metaspace       used 98288K, committed 99264K, reserved 557056K
  class space    used 13803K, committed 14272K, reserved 425984K
}
Event: 60.734 GC heap before
{Heap before GC invocations=65 (full 0):
 garbage-first heap   total 225280K, used 193810K [0x0000000080000000, 0x0000000100000000)
  region size 1024K, 27 young (27648K), 2 survivors (2048K)
 Metaspace       used 98662K, committed 99648K, reserved 557056K
  class space    used 13850K, committed 14336K, reserved 425984K
}
Event: 60.739 GC heap after
{Heap after GC invocations=66 (full 0):
 garbage-first heap   total 225280K, used 169709K [0x0000000080000000, 0x0000000100000000)
  region size 1024K, 3 young (3072K), 3 survivors (3072K)
 Metaspace       used 98662K, committed 99648K, reserved 557056K
  class space    used 13850K, committed 14336K, reserved 425984K
}
Event: 61.040 GC heap before
{Heap before GC invocations=66 (full 0):
 garbage-first heap   total 225280K, used 194285K [0x0000000080000000, 0x0000000100000000)
  region size 1024K, 28 young (28672K), 3 survivors (3072K)
 Metaspace       used 98744K, committed 99712K, reserved 557056K
  class space    used 13851K, committed 14336K, reserved 425984K
}
Event: 61.047 GC heap after
{Heap after GC invocations=67 (full 0):
 garbage-first heap   total 225280K, used 172701K [0x0000000080000000, 0x0000000100000000)
  region size 1024K, 4 young (4096K), 4 survivors (4096K)
 Metaspace       used 98744K, committed 99712K, reserved 557056K
  class space    used 13851K, committed 14336K, reserved 425984K
}
Event: 61.411 GC heap before
{Heap before GC invocations=67 (full 0):
 garbage-first heap   total 225280K, used 194205K [0x0000000080000000, 0x0000000100000000)
  region size 1024K, 26 young (26624K), 4 survivors (4096K)
 Metaspace       used 98778K, committed 99840K, reserved 557056K
  class space    used 13851K, committed 14336K, reserved 425984K
}
Event: 61.418 GC heap after
{Heap after GC invocations=68 (full 0):
 garbage-first heap   total 270336K, used 174455K [0x0000000080000000, 0x0000000100000000)
  region size 1024K, 2 young (2048K), 2 survivors (2048K)
 Metaspace       used 98778K, committed 99840K, reserved 557056K
  class space    used 13851K, committed 14336K, reserved 425984K
}

